/home/daran/Program/MA_Thesis/venv/bin/python /home/daran/.local/share/JetBrains/Toolbox/apps/PyCharm-P/ch-0/212.4746.96/plugins/python/helpers/pydev/pydevconsole.py --mode=client --port=36005
import sys; print('Python %s on %s' % (sys.version, sys.platform))
sys.path.extend(['/home/daran/Program/MA_Thesis'])
Python 3.9.7 (default, Aug 30 2021, 00:00:00)
Type 'copyright', 'credits' or 'license' for more information
IPython 7.29.0 -- An enhanced Interactive Python. Type '?' for help.
PyDev console: using IPython 7.29.0
Python 3.9.7 (default, Aug 30 2021, 00:00:00)
[GCC 10.3.1 20210422 (Red Hat 10.3.1-1)] on linux
runfile('/home/daran/Program/MA_Thesis/reimplemented/KGE/DE_KGE/main.py', args=['-model=DE_TransE'], wdir='/home/daran/Program/MA_Thesis/reimplemented/KGE/DE_KGE')
234.00027060508728
Loss in iteration 1: 92.63998126983643(DE_TransE,icews14)
232.5198576450348
Loss in iteration 2: 92.26926231384277(DE_TransE,icews14)
321.7809908390045
Loss in iteration 3: 91.73310279846191(DE_TransE,icews14)
307.62923288345337
Loss in iteration 4: 91.05057621002197(DE_TransE,icews14)
322.5097653865814
Loss in iteration 5: 90.49741077423096(DE_TransE,icews14)
305.15706491470337
Loss in iteration 6: 89.74301147460938(DE_TransE,icews14)
307.6984775066376
Loss in iteration 7: 88.91693067550659(DE_TransE,icews14)
318.155100107193
Loss in iteration 8: 88.05150842666626(DE_TransE,icews14)
321.931125164032
Loss in iteration 9: 87.18930339813232(DE_TransE,icews14)
320.93665599823
Loss in iteration 10: 86.29809474945068(DE_TransE,icews14)
321.6848123073578
Loss in iteration 11: 85.19633102416992(DE_TransE,icews14)
318.4148554801941
Loss in iteration 12: 84.23730611801147(DE_TransE,icews14)
315.8165752887726
Loss in iteration 13: 83.30361557006836(DE_TransE,icews14)
309.3183705806732
Loss in iteration 14: 82.28388452529907(DE_TransE,icews14)
303.44506072998047
Loss in iteration 15: 81.47028160095215(DE_TransE,icews14)
300.29810667037964
Loss in iteration 16: 80.48898029327393(DE_TransE,icews14)
263.0271291732788
Loss in iteration 17: 79.66466236114502(DE_TransE,icews14)
215.0241961479187
Loss in iteration 18: 78.79606533050537(DE_TransE,icews14)
201.04784393310547
Loss in iteration 19: 77.81771469116211(DE_TransE,icews14)
211.2800452709198
Loss in iteration 20: 76.84005689620972(DE_TransE,icews14)
Saving the model
203.1073043346405
Loss in iteration 21: 76.00672388076782(DE_TransE,icews14)
211.33482575416565
Loss in iteration 22: 75.09715795516968(DE_TransE,icews14)
202.85218858718872
Loss in iteration 23: 74.08026695251465(DE_TransE,icews14)
206.46194744110107
Loss in iteration 24: 73.04364252090454(DE_TransE,icews14)
205.0264413356781
Loss in iteration 25: 72.16490030288696(DE_TransE,icews14)
206.98944926261902
Loss in iteration 26: 71.19997549057007(DE_TransE,icews14)
205.40411806106567
Loss in iteration 27: 70.28239345550537(DE_TransE,icews14)
205.72215247154236
Loss in iteration 28: 69.24039936065674(DE_TransE,icews14)
203.205570936203
Loss in iteration 29: 68.26728105545044(DE_TransE,icews14)
207.0543839931488
Loss in iteration 30: 67.21124076843262(DE_TransE,icews14)
207.37714290618896
Loss in iteration 31: 66.40102100372314(DE_TransE,icews14)
203.52522993087769
Loss in iteration 32: 65.39665269851685(DE_TransE,icews14)
207.55551385879517
Loss in iteration 33: 64.50326251983643(DE_TransE,icews14)
258.2654507160187
Loss in iteration 34: 63.570717334747314(DE_TransE,icews14)
313.6590197086334
Loss in iteration 35: 62.685121297836304(DE_TransE,icews14)
312.4283142089844
Loss in iteration 36: 61.82779264450073(DE_TransE,icews14)
337.9643952846527
Loss in iteration 37: 61.075175285339355(DE_TransE,icews14)
326.6058511734009
Loss in iteration 38: 60.13903784751892(DE_TransE,icews14)
323.42559146881104
Loss in iteration 39: 59.326518297195435(DE_TransE,icews14)
318.5798108577728
Loss in iteration 40: 58.60730266571045(DE_TransE,icews14)
Saving the model
326.68689131736755
Loss in iteration 41: 57.81511402130127(DE_TransE,icews14)
332.02206158638
Loss in iteration 42: 57.07973599433899(DE_TransE,icews14)
318.762907743454
Loss in iteration 43: 56.37984895706177(DE_TransE,icews14)
321.43078780174255
Loss in iteration 44: 55.75065755844116(DE_TransE,icews14)
321.66183257102966
Loss in iteration 45: 55.1204936504364(DE_TransE,icews14)
320.9899754524231
Loss in iteration 46: 54.38867402076721(DE_TransE,icews14)
318.5389370918274
Loss in iteration 47: 53.781699895858765(DE_TransE,icews14)
318.2178530693054
Loss in iteration 48: 53.14581871032715(DE_TransE,icews14)
317.96574902534485
Loss in iteration 49: 52.60124850273132(DE_TransE,icews14)
313.83852791786194
Loss in iteration 50: 51.987948417663574(DE_TransE,icews14)
323.2855348587036
Loss in iteration 51: 51.449997901916504(DE_TransE,icews14)
324.14541721343994
Loss in iteration 52: 50.93439531326294(DE_TransE,icews14)
319.6560962200165
Loss in iteration 53: 50.44807577133179(DE_TransE,icews14)
313.36604714393616
Loss in iteration 54: 49.91114640235901(DE_TransE,icews14)
322.48597478866577
Loss in iteration 55: 49.46616983413696(DE_TransE,icews14)
316.0897741317749
Loss in iteration 56: 49.01004648208618(DE_TransE,icews14)
304.514844417572
Loss in iteration 57: 48.575636863708496(DE_TransE,icews14)
318.79614758491516
Loss in iteration 58: 48.19452476501465(DE_TransE,icews14)
315.4982063770294
Loss in iteration 59: 47.83914542198181(DE_TransE,icews14)
322.741406917572
Loss in iteration 60: 47.42617392539978(DE_TransE,icews14)
Saving the model
327.59711813926697
Loss in iteration 61: 47.00656723976135(DE_TransE,icews14)
323.8142912387848
Loss in iteration 62: 46.72432541847229(DE_TransE,icews14)
321.29880475997925
Loss in iteration 63: 46.363218784332275(DE_TransE,icews14)
319.6456813812256
Loss in iteration 64: 46.03823184967041(DE_TransE,icews14)
314.2798662185669
Loss in iteration 65: 45.735785722732544(DE_TransE,icews14)
317.616824388504
Loss in iteration 66: 45.44399905204773(DE_TransE,icews14)
321.285240650177
Loss in iteration 67: 45.115291357040405(DE_TransE,icews14)
319.3169598579407
Loss in iteration 68: 44.85520958900452(DE_TransE,icews14)
312.4865069389343
Loss in iteration 69: 44.5854811668396(DE_TransE,icews14)
311.56969261169434
Loss in iteration 70: 44.32056665420532(DE_TransE,icews14)
304.5375442504883
Loss in iteration 71: 44.051783323287964(DE_TransE,icews14)
305.80679631233215
Loss in iteration 72: 43.81420969963074(DE_TransE,icews14)
314.51668405532837
Loss in iteration 73: 43.55827188491821(DE_TransE,icews14)
324.23669385910034
Loss in iteration 74: 43.33389496803284(DE_TransE,icews14)
324.5260474681854
Loss in iteration 75: 43.13116955757141(DE_TransE,icews14)
304.78879618644714
Loss in iteration 76: 42.900984048843384(DE_TransE,icews14)
240.78727841377258
Loss in iteration 77: 42.71566605567932(DE_TransE,icews14)
216.15037202835083
Loss in iteration 78: 42.49874711036682(DE_TransE,icews14)
242.41099429130554
Loss in iteration 79: 42.33077001571655(DE_TransE,icews14)
241.85332798957825
Loss in iteration 80: 42.13518452644348(DE_TransE,icews14)
Saving the model
290.4137990474701
Loss in iteration 81: 41.920287132263184(DE_TransE,icews14)
282.041246175766
Loss in iteration 82: 41.76300263404846(DE_TransE,icews14)
285.4385898113251
Loss in iteration 83: 41.58320879936218(DE_TransE,icews14)
281.38347268104553
Loss in iteration 84: 41.4520468711853(DE_TransE,icews14)
285.238076210022
Loss in iteration 85: 41.304208278656006(DE_TransE,icews14)
281.6894648075104
Loss in iteration 86: 41.12586688995361(DE_TransE,icews14)
280.58409428596497
Loss in iteration 87: 41.013339042663574(DE_TransE,icews14)
280.7854166030884
Loss in iteration 88: 40.85400700569153(DE_TransE,icews14)
281.7535421848297
Loss in iteration 89: 40.69864869117737(DE_TransE,icews14)
283.4656980037689
Loss in iteration 90: 40.58439588546753(DE_TransE,icews14)
283.84512066841125
Loss in iteration 91: 40.44979405403137(DE_TransE,icews14)
282.9533598423004
Loss in iteration 92: 40.28234624862671(DE_TransE,icews14)
280.82154870033264
Loss in iteration 93: 40.17913198471069(DE_TransE,icews14)
284.21268486976624
Loss in iteration 94: 40.041308879852295(DE_TransE,icews14)
278.0696029663086
Loss in iteration 95: 39.900798320770264(DE_TransE,icews14)
281.91610169410706
Loss in iteration 96: 39.8145649433136(DE_TransE,icews14)
277.8645670413971
Loss in iteration 97: 39.69343280792236(DE_TransE,icews14)
279.73426699638367
Loss in iteration 98: 39.61305046081543(DE_TransE,icews14)
278.8678832054138
Loss in iteration 99: 39.45932388305664(DE_TransE,icews14)
279.4664776325226
Loss in iteration 100: 39.36879372596741(DE_TransE,icews14)
Saving the model
275.6476376056671
Loss in iteration 101: 39.26907730102539(DE_TransE,icews14)
282.12750720977783
Loss in iteration 102: 39.11789059638977(DE_TransE,icews14)
276.88778734207153
Loss in iteration 103: 39.056225299835205(DE_TransE,icews14)
282.698410987854
Loss in iteration 104: 38.93351936340332(DE_TransE,icews14)
276.90382862091064
Loss in iteration 105: 38.873382806777954(DE_TransE,icews14)
283.1483700275421
Loss in iteration 106: 38.73788356781006(DE_TransE,icews14)
278.70532608032227
Loss in iteration 107: 38.68760871887207(DE_TransE,icews14)
260.00670742988586
Loss in iteration 108: 38.60093379020691(DE_TransE,icews14)
212.48578119277954
Loss in iteration 109: 38.51671528816223(DE_TransE,icews14)
210.1940097808838
Loss in iteration 110: 38.440526485443115(DE_TransE,icews14)
211.36929321289062
Loss in iteration 111: 38.31362223625183(DE_TransE,icews14)
211.24704384803772
Loss in iteration 112: 38.246997117996216(DE_TransE,icews14)
211.34354829788208
Loss in iteration 113: 38.2036235332489(DE_TransE,icews14)
208.65492820739746
Loss in iteration 114: 38.096797704696655(DE_TransE,icews14)
214.640070438385
Loss in iteration 115: 38.03419041633606(DE_TransE,icews14)
207.15961170196533
Loss in iteration 116: 37.92376124858856(DE_TransE,icews14)
214.77452874183655
Loss in iteration 117: 37.85809254646301(DE_TransE,icews14)
203.0671031475067
Loss in iteration 118: 37.745537519454956(DE_TransE,icews14)
214.817049741745
Loss in iteration 119: 37.73582220077515(DE_TransE,icews14)
207.07918167114258
Loss in iteration 120: 37.62409067153931(DE_TransE,icews14)
Saving the model
215.85815620422363
Loss in iteration 121: 37.60159873962402(DE_TransE,icews14)
202.30070662498474
Loss in iteration 122: 37.5079710483551(DE_TransE,icews14)
213.75238680839539
Loss in iteration 123: 37.437684178352356(DE_TransE,icews14)
210.83349132537842
Loss in iteration 124: 37.38348472118378(DE_TransE,icews14)
211.11743211746216
Loss in iteration 125: 37.35561549663544(DE_TransE,icews14)
206.64755868911743
Loss in iteration 126: 37.25713932514191(DE_TransE,icews14)
209.7997121810913
Loss in iteration 127: 37.17538392543793(DE_TransE,icews14)
211.28682708740234
Loss in iteration 128: 37.16210722923279(DE_TransE,icews14)
209.9895839691162
Loss in iteration 129: 37.08697235584259(DE_TransE,icews14)
209.9005274772644
Loss in iteration 130: 37.01531183719635(DE_TransE,icews14)
210.26280331611633
Loss in iteration 131: 36.939472913742065(DE_TransE,icews14)
211.60418391227722
Loss in iteration 132: 36.917848229408264(DE_TransE,icews14)
209.49093651771545
Loss in iteration 133: 36.852906227111816(DE_TransE,icews14)
209.4402482509613
Loss in iteration 134: 36.80786108970642(DE_TransE,icews14)
206.35738015174866
Loss in iteration 135: 36.77321708202362(DE_TransE,icews14)
215.2405390739441
Loss in iteration 136: 36.670124650001526(DE_TransE,icews14)
203.5671935081482
Loss in iteration 137: 36.64162337779999(DE_TransE,icews14)
213.90640306472778
Loss in iteration 138: 36.607755184173584(DE_TransE,icews14)
203.7273714542389
Loss in iteration 139: 36.526936650276184(DE_TransE,icews14)
216.28004336357117
Loss in iteration 140: 36.523319602012634(DE_TransE,icews14)
Saving the model
204.72613859176636
Loss in iteration 141: 36.44214177131653(DE_TransE,icews14)
212.91072297096252
Loss in iteration 142: 36.418954610824585(DE_TransE,icews14)
206.18482208251953
Loss in iteration 143: 36.398669481277466(DE_TransE,icews14)
214.03506731987
Loss in iteration 144: 36.34327983856201(DE_TransE,icews14)
207.58664083480835
Loss in iteration 145: 36.24947726726532(DE_TransE,icews14)
212.33958268165588
Loss in iteration 146: 36.23311924934387(DE_TransE,icews14)
208.20066833496094
Loss in iteration 147: 36.17701065540314(DE_TransE,icews14)
210.52043843269348
Loss in iteration 148: 36.10046947002411(DE_TransE,icews14)
210.10917949676514
Loss in iteration 149: 36.13284206390381(DE_TransE,icews14)
208.67186617851257
Loss in iteration 150: 36.011332631111145(DE_TransE,icews14)
208.24417924880981
Loss in iteration 151: 36.039878129959106(DE_TransE,icews14)
209.15528750419617
Loss in iteration 152: 35.95826327800751(DE_TransE,icews14)
212.6587471961975
Loss in iteration 153: 35.910181522369385(DE_TransE,icews14)
206.86116528511047
Loss in iteration 154: 35.881988525390625(DE_TransE,icews14)
211.66873145103455
Loss in iteration 155: 35.82948923110962(DE_TransE,icews14)
208.0283215045929
Loss in iteration 156: 35.80892777442932(DE_TransE,icews14)
214.45961260795593
Loss in iteration 157: 35.76789081096649(DE_TransE,icews14)
203.58230996131897
Loss in iteration 158: 35.76852071285248(DE_TransE,icews14)
216.37496423721313
Loss in iteration 159: 35.692110657691956(DE_TransE,icews14)
205.92584609985352
Loss in iteration 160: 35.66049528121948(DE_TransE,icews14)
Saving the model
213.8323380947113
Loss in iteration 161: 35.66124475002289(DE_TransE,icews14)
204.4946084022522
Loss in iteration 162: 35.582385182380676(DE_TransE,icews14)
211.3200557231903
Loss in iteration 163: 35.55095958709717(DE_TransE,icews14)
207.810777425766
Loss in iteration 164: 35.5528724193573(DE_TransE,icews14)
212.8833727836609
Loss in iteration 165: 35.49206244945526(DE_TransE,icews14)
206.88355112075806
Loss in iteration 166: 35.41063165664673(DE_TransE,icews14)
210.44261574745178
Loss in iteration 167: 35.42425274848938(DE_TransE,icews14)
210.74436783790588
Loss in iteration 168: 35.36706864833832(DE_TransE,icews14)
210.86996293067932
Loss in iteration 169: 35.42237186431885(DE_TransE,icews14)
210.31045413017273
Loss in iteration 170: 35.33956551551819(DE_TransE,icews14)
210.20407485961914
Loss in iteration 171: 35.234403014183044(DE_TransE,icews14)
210.42686581611633
Loss in iteration 172: 35.25825524330139(DE_TransE,icews14)
208.67029666900635
Loss in iteration 173: 35.26534044742584(DE_TransE,icews14)
213.43636322021484
Loss in iteration 174: 35.15959393978119(DE_TransE,icews14)
206.73847842216492
Loss in iteration 175: 35.204166889190674(DE_TransE,icews14)
213.36821675300598
Loss in iteration 176: 35.14986217021942(DE_TransE,icews14)
208.91055917739868
Loss in iteration 177: 35.163055062294006(DE_TransE,icews14)
213.95690441131592
Loss in iteration 178: 35.058730363845825(DE_TransE,icews14)
204.25833010673523
Loss in iteration 179: 35.062191128730774(DE_TransE,icews14)
213.01695656776428
Loss in iteration 180: 34.991148710250854(DE_TransE,icews14)
Saving the model
206.79444861412048
Loss in iteration 181: 35.022109150886536(DE_TransE,icews14)
210.1518280506134
Loss in iteration 182: 34.962679982185364(DE_TransE,icews14)
206.49623274803162
Loss in iteration 183: 34.94577217102051(DE_TransE,icews14)
211.96184158325195
Loss in iteration 184: 34.98888599872589(DE_TransE,icews14)
205.74296307563782
Loss in iteration 185: 34.90382957458496(DE_TransE,icews14)
209.4057159423828
Loss in iteration 186: 34.85724079608917(DE_TransE,icews14)
208.51680827140808
Loss in iteration 187: 34.90003776550293(DE_TransE,icews14)
210.313472032547
Loss in iteration 188: 34.839736342430115(DE_TransE,icews14)
209.0849847793579
Loss in iteration 189: 34.8434739112854(DE_TransE,icews14)
207.90686631202698
Loss in iteration 190: 34.744081258773804(DE_TransE,icews14)
212.27193117141724
Loss in iteration 191: 34.81084191799164(DE_TransE,icews14)
209.07037734985352
Loss in iteration 192: 34.83253836631775(DE_TransE,icews14)
210.3300244808197
Loss in iteration 193: 34.67913103103638(DE_TransE,icews14)
205.49686288833618
Loss in iteration 194: 34.6765753030777(DE_TransE,icews14)
209.28519582748413
Loss in iteration 195: 34.65942430496216(DE_TransE,icews14)
207.02696323394775
Loss in iteration 196: 34.627326011657715(DE_TransE,icews14)
213.13666367530823
Loss in iteration 197: 34.59029757976532(DE_TransE,icews14)
203.93262028694153
Loss in iteration 198: 34.77947151660919(DE_TransE,icews14)
219.0368938446045
Loss in iteration 199: 34.557522773742676(DE_TransE,icews14)
204.7681713104248
Loss in iteration 200: 34.64722967147827(DE_TransE,icews14)
Saving the model
213.08276271820068
Loss in iteration 201: 34.62188708782196(DE_TransE,icews14)
202.54870796203613
Loss in iteration 202: 34.528594970703125(DE_TransE,icews14)
211.99119901657104
Loss in iteration 203: 34.469913363456726(DE_TransE,icews14)
205.32533717155457
Loss in iteration 204: 34.42599582672119(DE_TransE,icews14)
209.50847125053406
Loss in iteration 205: 34.453699588775635(DE_TransE,icews14)
206.6953423023224
Loss in iteration 206: 34.44176709651947(DE_TransE,icews14)
211.05647325515747
Loss in iteration 207: 34.39440107345581(DE_TransE,icews14)
208.2737500667572
Loss in iteration 208: 34.324249505996704(DE_TransE,icews14)
208.05297470092773
Loss in iteration 209: 34.43112564086914(DE_TransE,icews14)
208.03281617164612
Loss in iteration 210: 34.295273303985596(DE_TransE,icews14)
210.49063062667847
Loss in iteration 211: 34.31247687339783(DE_TransE,icews14)
210.41917943954468
Loss in iteration 212: 34.18654143810272(DE_TransE,icews14)
208.03915977478027
Loss in iteration 213: 34.251622557640076(DE_TransE,icews14)
208.42781567573547
Loss in iteration 214: 34.2716383934021(DE_TransE,icews14)
209.99989652633667
Loss in iteration 215: 34.28433299064636(DE_TransE,icews14)
219.28313779830933
Loss in iteration 216: 34.19692850112915(DE_TransE,icews14)
208.96956086158752
Loss in iteration 217: 34.19313180446625(DE_TransE,icews14)
220.51087856292725
Loss in iteration 218: 34.16897416114807(DE_TransE,icews14)
265.705447435379
Loss in iteration 219: 34.25167691707611(DE_TransE,icews14)
284.2711808681488
Loss in iteration 220: 34.085116147994995(DE_TransE,icews14)
Saving the model
265.3178610801697
Loss in iteration 221: 34.07379913330078(DE_TransE,icews14)
275.6645064353943
Loss in iteration 222: 34.13313925266266(DE_TransE,icews14)
271.43533539772034
Loss in iteration 223: 34.09979557991028(DE_TransE,icews14)
276.49422097206116
Loss in iteration 224: 34.15659427642822(DE_TransE,icews14)
264.91958260536194
Loss in iteration 225: 34.11697804927826(DE_TransE,icews14)
251.08812975883484
Loss in iteration 226: 34.08721947669983(DE_TransE,icews14)
231.3212926387787
Loss in iteration 227: 34.10879182815552(DE_TransE,icews14)
262.7152028083801
Loss in iteration 228: 34.07052433490753(DE_TransE,icews14)
254.89404034614563
Loss in iteration 229: 33.93336880207062(DE_TransE,icews14)
260.1638517379761
Loss in iteration 230: 34.05236339569092(DE_TransE,icews14)
261.24434757232666
Loss in iteration 231: 34.002670764923096(DE_TransE,icews14)
267.9579243659973
Loss in iteration 232: 34.18058514595032(DE_TransE,icews14)
283.1896390914917
Loss in iteration 233: 34.181365847587585(DE_TransE,icews14)
278.3705024719238
Loss in iteration 234: 34.182003021240234(DE_TransE,icews14)
275.80957555770874
Loss in iteration 235: 33.88512396812439(DE_TransE,icews14)
232.693101644516
Loss in iteration 236: 33.82721757888794(DE_TransE,icews14)
241.802485704422
Loss in iteration 237: 33.961037039756775(DE_TransE,icews14)
274.70567774772644
Loss in iteration 238: 33.83279728889465(DE_TransE,icews14)
291.0699188709259
Loss in iteration 239: 33.92450928688049(DE_TransE,icews14)
271.0618348121643
Loss in iteration 240: 33.8701776266098(DE_TransE,icews14)
Saving the model
284.7116606235504
Loss in iteration 241: 33.87589132785797(DE_TransE,icews14)
277.5514919757843
Loss in iteration 242: 33.76746129989624(DE_TransE,icews14)
277.847190618515
Loss in iteration 243: 33.95175540447235(DE_TransE,icews14)
226.64169788360596
Loss in iteration 244: 33.997177958488464(DE_TransE,icews14)
234.5392026901245
Loss in iteration 245: 33.844876527786255(DE_TransE,icews14)
228.2164273262024
Loss in iteration 246: 33.83359217643738(DE_TransE,icews14)
230.8328251838684
Loss in iteration 247: 33.823888063430786(DE_TransE,icews14)
231.66115999221802
Loss in iteration 248: 33.86069464683533(DE_TransE,icews14)
228.58237433433533
Loss in iteration 249: 33.653562903404236(DE_TransE,icews14)
239.69063758850098
Loss in iteration 250: 33.575249791145325(DE_TransE,icews14)
228.80065059661865
Loss in iteration 251: 33.7470828294754(DE_TransE,icews14)
240.8201220035553
Loss in iteration 252: 33.68880367279053(DE_TransE,icews14)
261.4866304397583
Loss in iteration 253: 33.564711928367615(DE_TransE,icews14)
271.6141188144684
Loss in iteration 254: 33.64273202419281(DE_TransE,icews14)
277.38322472572327
Loss in iteration 255: 33.66171741485596(DE_TransE,icews14)
287.85510754585266
Loss in iteration 256: 33.68742763996124(DE_TransE,icews14)
275.661892414093
Loss in iteration 257: 33.56683838367462(DE_TransE,icews14)
293.5244264602661
Loss in iteration 258: 33.535091280937195(DE_TransE,icews14)
285.8212356567383
Loss in iteration 259: 33.605377078056335(DE_TransE,icews14)
261.37314653396606
Loss in iteration 260: 33.5631023645401(DE_TransE,icews14)
Saving the model
230.49671363830566
Loss in iteration 261: 33.68580627441406(DE_TransE,icews14)
236.7390398979187
Loss in iteration 262: 33.72810423374176(DE_TransE,icews14)
Process finished with exit code 0