/home/daran/Program/MA_Thesis/venv/bin/python /home/daran/.local/share/JetBrains/Toolbox/apps/PyCharm-P/ch-0/212.4746.96/plugins/python/helpers/pydev/pydevconsole.py --mode=client --port=33653
import sys; print('Python %s on %s' % (sys.version, sys.platform))
sys.path.extend(['/home/daran/Program/MA_Thesis'])
Python 3.9.7 (default, Aug 30 2021, 00:00:00)
Type 'copyright', 'credits' or 'license' for more information
IPython 7.29.0 -- An enhanced Interactive Python. Type '?' for help.
PyDev console: using IPython 7.29.0
Python 3.9.7 (default, Aug 30 2021, 00:00:00)
[GCC 10.3.1 20210422 (Red Hat 10.3.1-1)] on linux
runfile('/home/daran/Program/MA_Thesis/reimplemented/KGE/DE_KGE/main.py', args=['-model=DE_SimplE'], wdir='/home/daran/Program/MA_Thesis/reimplemented/KGE/DE_KGE')
503.5821170806885
Loss in iteration 1: 93.24924659729004(DE_SimplE,icews14)
471.0390202999115
Loss in iteration 2: 93.24513578414917(DE_SimplE,icews14)
451.9621250629425
Loss in iteration 3: 93.2389030456543(DE_SimplE,icews14)
561.0092086791992
Loss in iteration 4: 93.22765874862671(DE_SimplE,icews14)
569.3120267391205
Loss in iteration 5: 93.20806407928467(DE_SimplE,icews14)
568.2774283885956
Loss in iteration 6: 93.17392110824585(DE_SimplE,icews14)
554.891951084137
Loss in iteration 7: 93.11789083480835(DE_SimplE,icews14)
568.9529609680176
Loss in iteration 8: 93.03639507293701(DE_SimplE,icews14)
568.8431677818298
Loss in iteration 9: 92.91470718383789(DE_SimplE,icews14)
571.980123758316
Loss in iteration 10: 92.74884748458862(DE_SimplE,icews14)
567.7935073375702
Loss in iteration 11: 92.52304935455322(DE_SimplE,icews14)
521.4503288269043
Loss in iteration 12: 92.22011137008667(DE_SimplE,icews14)
487.44913816452026
Loss in iteration 13: 91.82077693939209(DE_SimplE,icews14)
517.9106726646423
Loss in iteration 14: 91.30823278427124(DE_SimplE,icews14)
511.67959856987
Loss in iteration 15: 90.66126108169556(DE_SimplE,icews14)
441.9033839702606
Loss in iteration 16: 89.79864454269409(DE_SimplE,icews14)
471.30516028404236
Loss in iteration 17: 88.74906015396118(DE_SimplE,icews14)
480.59496688842773
Loss in iteration 18: 87.4767050743103(DE_SimplE,icews14)
422.11860275268555
Loss in iteration 19: 85.95340061187744(DE_SimplE,icews14)
504.3793559074402
Loss in iteration 20: 84.09189653396606(DE_SimplE,icews14)
Saving the model
548.6569786071777
Loss in iteration 21: 82.03845548629761(DE_SimplE,icews14)
574.7859120368958
Loss in iteration 22: 79.7593560218811(DE_SimplE,icews14)
562.5917725563049
Loss in iteration 23: 77.2912974357605(DE_SimplE,icews14)
564.3553013801575
Loss in iteration 24: 74.8231782913208(DE_SimplE,icews14)
560.2026422023773
Loss in iteration 25: 72.36687135696411(DE_SimplE,icews14)
553.0943369865417
Loss in iteration 26: 69.81059336662292(DE_SimplE,icews14)
584.093339920044
Loss in iteration 27: 67.13846945762634(DE_SimplE,icews14)
597.1002662181854
Loss in iteration 28: 64.35449266433716(DE_SimplE,icews14)
595.339284658432
Loss in iteration 29: 61.55731248855591(DE_SimplE,icews14)
553.9688074588776
Loss in iteration 30: 59.07256078720093(DE_SimplE,icews14)
414.5249526500702
Loss in iteration 31: 56.80059099197388(DE_SimplE,icews14)
354.7163653373718
Loss in iteration 32: 54.635804176330566(DE_SimplE,icews14)
434.35644340515137
Loss in iteration 33: 52.978660583496094(DE_SimplE,icews14)
593.1259281635284
Loss in iteration 34: 51.299041986465454(DE_SimplE,icews14)
602.9231963157654
Loss in iteration 35: 49.926389932632446(DE_SimplE,icews14)
586.325751543045
Loss in iteration 36: 48.66038179397583(DE_SimplE,icews14)
610.5213966369629
Loss in iteration 37: 47.35552716255188(DE_SimplE,icews14)
606.5701613426208
Loss in iteration 38: 46.126065254211426(DE_SimplE,icews14)
602.047770023346
Loss in iteration 39: 45.0985906124115(DE_SimplE,icews14)
582.227516412735
Loss in iteration 40: 44.004555463790894(DE_SimplE,icews14)
Saving the model
530.9048080444336
Loss in iteration 41: 43.080214977264404(DE_SimplE,icews14)
392.96808218955994
Loss in iteration 42: 42.177366733551025(DE_SimplE,icews14)
397.2028980255127
Loss in iteration 43: 41.562931060791016(DE_SimplE,icews14)
393.8883728981018
Loss in iteration 44: 40.80665349960327(DE_SimplE,icews14)
393.813658952713
Loss in iteration 45: 40.362295150756836(DE_SimplE,icews14)
394.9392902851105
Loss in iteration 46: 39.731269121170044(DE_SimplE,icews14)
391.3583414554596
Loss in iteration 47: 39.49062943458557(DE_SimplE,icews14)
388.6727931499481
Loss in iteration 48: 38.98649597167969(DE_SimplE,icews14)
393.2450318336487
Loss in iteration 49: 38.81121206283569(DE_SimplE,icews14)
464.3274292945862
Loss in iteration 50: 38.50315618515015(DE_SimplE,icews14)
599.994131565094
Loss in iteration 51: 38.29313242435455(DE_SimplE,icews14)
632.3209991455078
Loss in iteration 52: 38.140623450279236(DE_SimplE,icews14)
607.2487545013428
Loss in iteration 53: 38.08216202259064(DE_SimplE,icews14)
626.0451200008392
Loss in iteration 54: 37.7975150346756(DE_SimplE,icews14)
609.3506512641907
Loss in iteration 55: 37.7185595035553(DE_SimplE,icews14)
614.9700925350189
Loss in iteration 56: 37.63460397720337(DE_SimplE,icews14)
600.9968092441559
Loss in iteration 57: 37.51511538028717(DE_SimplE,icews14)
602.2583158016205
Loss in iteration 58: 37.446735978126526(DE_SimplE,icews14)
610.9170625209808
Loss in iteration 59: 37.33532702922821(DE_SimplE,icews14)
607.4276030063629
Loss in iteration 60: 37.319435119628906(DE_SimplE,icews14)
Saving the model
605.2174932956696
Loss in iteration 61: 37.23411178588867(DE_SimplE,icews14)
589.8795399665833
Loss in iteration 62: 37.199780106544495(DE_SimplE,icews14)
604.8144280910492
Loss in iteration 63: 37.105952501297(DE_SimplE,icews14)
611.4112844467163
Loss in iteration 64: 37.1918420791626(DE_SimplE,icews14)
610.7498736381531
Loss in iteration 65: 36.993736028671265(DE_SimplE,icews14)
608.0179283618927
Loss in iteration 66: 36.878376841545105(DE_SimplE,icews14)
606.0933859348297
Loss in iteration 67: 36.846975207328796(DE_SimplE,icews14)
607.2380042076111
Loss in iteration 68: 36.83574640750885(DE_SimplE,icews14)
600.9668180942535
Loss in iteration 69: 36.76823890209198(DE_SimplE,icews14)
580.9246213436127
Loss in iteration 70: 36.72399127483368(DE_SimplE,icews14)
605.0033104419708
Loss in iteration 71: 36.723283886909485(DE_SimplE,icews14)
595.9666948318481
Loss in iteration 72: 36.768566608428955(DE_SimplE,icews14)
434.9940867424011
Loss in iteration 73: 36.69914424419403(DE_SimplE,icews14)
449.6745915412903
Loss in iteration 74: 36.45478093624115(DE_SimplE,icews14)
546.4672181606293
Loss in iteration 75: 36.58385407924652(DE_SimplE,icews14)
543.9412081241608
Loss in iteration 76: 36.591575145721436(DE_SimplE,icews14)
540.5385730266571
Loss in iteration 77: 36.62034595012665(DE_SimplE,icews14)
536.9049241542816
Loss in iteration 78: 36.48239004611969(DE_SimplE,icews14)
539.3128921985626
Loss in iteration 79: 36.491012930870056(DE_SimplE,icews14)
538.770327091217
Loss in iteration 80: 36.64376389980316(DE_SimplE,icews14)
Saving the model
534.6810414791107
Loss in iteration 81: 36.44631552696228(DE_SimplE,icews14)
533.1979730129242
Loss in iteration 82: 36.51745367050171(DE_SimplE,icews14)
535.7074618339539
Loss in iteration 83: 36.39120376110077(DE_SimplE,icews14)
533.775402545929
Loss in iteration 84: 36.4755961894989(DE_SimplE,icews14)
534.3574416637421
Loss in iteration 85: 36.44279646873474(DE_SimplE,icews14)
534.9876534938812
Loss in iteration 86: 36.33097493648529(DE_SimplE,icews14)
532.8333671092987
Loss in iteration 87: 36.23496460914612(DE_SimplE,icews14)
532.8692059516907
Loss in iteration 88: 36.26996946334839(DE_SimplE,icews14)
484.4841890335083
Loss in iteration 89: 36.248414516448975(DE_SimplE,icews14)
402.25157380104065
Loss in iteration 90: 36.16054928302765(DE_SimplE,icews14)
400.99380707740784
Loss in iteration 91: 36.20114028453827(DE_SimplE,icews14)
402.2241916656494
Loss in iteration 92: 36.252453207969666(DE_SimplE,icews14)
401.51606798171997
Loss in iteration 93: 36.174402832984924(DE_SimplE,icews14)
400.24394154548645
Loss in iteration 94: 36.36451065540314(DE_SimplE,icews14)
404.63117575645447
Loss in iteration 95: 36.19991099834442(DE_SimplE,icews14)
399.13762879371643
Loss in iteration 96: 36.15623867511749(DE_SimplE,icews14)
401.281822681427
Loss in iteration 97: 36.30088496208191(DE_SimplE,icews14)
400.6609580516815
Loss in iteration 98: 36.241665959358215(DE_SimplE,icews14)
400.4431052207947
Loss in iteration 99: 36.03118681907654(DE_SimplE,icews14)
399.75570154190063
Loss in iteration 100: 36.083047747612(DE_SimplE,icews14)
Saving the model
398.57923412323
Loss in iteration 101: 36.01560032367706(DE_SimplE,icews14)
400.1380047798157
Loss in iteration 102: 35.96466791629791(DE_SimplE,icews14)
397.84118700027466
Loss in iteration 103: 36.03694200515747(DE_SimplE,icews14)
401.9378674030304
Loss in iteration 104: 36.15502738952637(DE_SimplE,icews14)
399.21312522888184
Loss in iteration 105: 36.246832609176636(DE_SimplE,icews14)
400.3966031074524
Loss in iteration 106: 36.23444187641144(DE_SimplE,icews14)
398.44338726997375
Loss in iteration 107: 36.11468589305878(DE_SimplE,icews14)
400.7483117580414
Loss in iteration 108: 35.93345844745636(DE_SimplE,icews14)
401.90741419792175
Loss in iteration 109: 35.93487071990967(DE_SimplE,icews14)
400.0268409252167
Loss in iteration 110: 35.8904150724411(DE_SimplE,icews14)
402.3626239299774
Loss in iteration 111: 36.135231494903564(DE_SimplE,icews14)
399.23305559158325
Loss in iteration 112: 35.90689444541931(DE_SimplE,icews14)
399.7890510559082
Loss in iteration 113: 35.97541069984436(DE_SimplE,icews14)
397.27712965011597
Loss in iteration 114: 36.01311922073364(DE_SimplE,icews14)
397.77548718452454
Loss in iteration 115: 35.78158473968506(DE_SimplE,icews14)
400.3088824748993
Loss in iteration 116: 35.93133187294006(DE_SimplE,icews14)
397.5450532436371
Loss in iteration 117: 36.02021503448486(DE_SimplE,icews14)
401.55977296829224
Loss in iteration 118: 35.984686970710754(DE_SimplE,icews14)
398.58911538124084
Loss in iteration 119: 35.81301248073578(DE_SimplE,icews14)
400.9793529510498
Loss in iteration 120: 35.91729819774628(DE_SimplE,icews14)
Saving the model
398.81939363479614
Loss in iteration 121: 35.713239908218384(DE_SimplE,icews14)
398.1192162036896
Loss in iteration 122: 35.956472516059875(DE_SimplE,icews14)
395.49004340171814
Loss in iteration 123: 35.86789059638977(DE_SimplE,icews14)
398.3018488883972
Loss in iteration 124: 35.7320853471756(DE_SimplE,icews14)
399.58370661735535
Loss in iteration 125: 35.81001925468445(DE_SimplE,icews14)
399.1378118991852
Loss in iteration 126: 35.74550473690033(DE_SimplE,icews14)
402.76840829849243
Loss in iteration 127: 35.75868570804596(DE_SimplE,icews14)
400.5070915222168
Loss in iteration 128: 35.81434440612793(DE_SimplE,icews14)
398.3782994747162
Loss in iteration 129: 35.805784583091736(DE_SimplE,icews14)
401.2950875759125
Loss in iteration 130: 35.94245505332947(DE_SimplE,icews14)
400.7355878353119
Loss in iteration 131: 35.80814266204834(DE_SimplE,icews14)
400.89257407188416
Loss in iteration 132: 35.776413440704346(DE_SimplE,icews14)
397.6955819129944
Loss in iteration 133: 35.70691406726837(DE_SimplE,icews14)
398.2556080818176
Loss in iteration 134: 35.672420620918274(DE_SimplE,icews14)
398.17675709724426
Loss in iteration 135: 35.80760192871094(DE_SimplE,icews14)
398.54654908180237
Loss in iteration 136: 35.783796191215515(DE_SimplE,icews14)
405.22353053092957
Loss in iteration 137: 35.69414556026459(DE_SimplE,icews14)
399.5096445083618
Loss in iteration 138: 35.69392204284668(DE_SimplE,icews14)
398.21672224998474
Loss in iteration 139: 35.68728506565094(DE_SimplE,icews14)
399.48685121536255
Loss in iteration 140: 35.57266664505005(DE_SimplE,icews14)
Saving the model
398.93638586997986
Loss in iteration 141: 35.91131556034088(DE_SimplE,icews14)
400.22762155532837
Loss in iteration 142: 35.63237977027893(DE_SimplE,icews14)
396.09583377838135
Loss in iteration 143: 35.53746426105499(DE_SimplE,icews14)
397.1477997303009
Loss in iteration 144: 35.66057741641998(DE_SimplE,icews14)
403.54666662216187
Loss in iteration 145: 35.76894760131836(DE_SimplE,icews14)
406.6461019515991
Loss in iteration 146: 35.776864886283875(DE_SimplE,icews14)
466.5054442882538
Loss in iteration 147: 35.58206069469452(DE_SimplE,icews14)
527.0484652519226
Loss in iteration 148: 35.70205318927765(DE_SimplE,icews14)
523.2926797866821
Loss in iteration 149: 35.68088412284851(DE_SimplE,icews14)
515.2684388160706
Loss in iteration 150: 35.60555922985077(DE_SimplE,icews14)
459.2620494365692
Loss in iteration 151: 35.59883403778076(DE_SimplE,icews14)
492.4799666404724
Loss in iteration 152: 35.663413405418396(DE_SimplE,icews14)
497.9589228630066
Loss in iteration 153: 35.61710214614868(DE_SimplE,icews14)
507.33031582832336
Loss in iteration 154: 35.61322271823883(DE_SimplE,icews14)
536.7039291858673
Loss in iteration 155: 35.585063338279724(DE_SimplE,icews14)
471.2580487728119
Loss in iteration 156: 35.43387258052826(DE_SimplE,icews14)
500.8986485004425
Loss in iteration 157: 35.487369418144226(DE_SimplE,icews14)
539.4259383678436
Loss in iteration 158: 35.387505650520325(DE_SimplE,icews14)
536.7329113483429
Loss in iteration 159: 35.58226215839386(DE_SimplE,icews14)
487.4317808151245
Loss in iteration 160: 35.45315504074097(DE_SimplE,icews14)
Saving the model
440.9424743652344
Loss in iteration 161: 35.569748759269714(DE_SimplE,icews14)
440.2058148384094
Loss in iteration 162: 35.49553120136261(DE_SimplE,icews14)
439.5612347126007
Loss in iteration 163: 35.56595277786255(DE_SimplE,icews14)
456.0033531188965
Loss in iteration 164: 35.50326728820801(DE_SimplE,icews14)
482.2043378353119
Loss in iteration 165: 35.30912446975708(DE_SimplE,icews14)
529.3485381603241
Loss in iteration 166: 35.44224214553833(DE_SimplE,icews14)
532.3280158042908
Loss in iteration 167: 35.63243854045868(DE_SimplE,icews14)
550.2731959819794
Loss in iteration 168: 35.65432918071747(DE_SimplE,icews14)
469.14942479133606
Loss in iteration 169: 35.37749147415161(DE_SimplE,icews14)
402.854608297348
Loss in iteration 170: 35.47389352321625(DE_SimplE,icews14)
429.30318331718445
Loss in iteration 171: 35.5353285074234(DE_SimplE,icews14)
343.7305109500885
Loss in iteration 172: 35.44070386886597(DE_SimplE,icews14)
337.144127368927
Loss in iteration 173: 35.44415211677551(DE_SimplE,icews14)
335.3838987350464
Loss in iteration 174: 35.560429096221924(DE_SimplE,icews14)
346.2020456790924
Loss in iteration 175: 35.508400082588196(DE_SimplE,icews14)
344.2561140060425
Loss in iteration 176: 35.48499894142151(DE_SimplE,icews14)
339.3833427429199
Loss in iteration 177: 35.50054156780243(DE_SimplE,icews14)
345.32522535324097
Loss in iteration 178: 35.521934270858765(DE_SimplE,icews14)
346.81913590431213
Loss in iteration 179: 35.642600655555725(DE_SimplE,icews14)
337.59134912490845
Loss in iteration 180: 35.36018967628479(DE_SimplE,icews14)
Saving the model
333.92968225479126
Loss in iteration 181: 35.36225175857544(DE_SimplE,icews14)
338.7548954486847
Loss in iteration 182: 35.438748359680176(DE_SimplE,icews14)
339.9134533405304
Loss in iteration 183: 35.4198682308197(DE_SimplE,icews14)
342.25332474708557
Loss in iteration 184: 35.33732712268829(DE_SimplE,icews14)
345.9471776485443
Loss in iteration 185: 35.40830707550049(DE_SimplE,icews14)
343.5603311061859
Loss in iteration 186: 35.278985381126404(DE_SimplE,icews14)
338.26329588890076
Loss in iteration 187: 35.333576679229736(DE_SimplE,icews14)
458.52172350883484
Loss in iteration 188: 35.493042945861816(DE_SimplE,icews14)
493.60700488090515
Loss in iteration 189: 35.415584683418274(DE_SimplE,icews14)
491.65119981765747
Loss in iteration 190: 35.33643913269043(DE_SimplE,icews14)
498.5107569694519
Loss in iteration 191: 35.73181176185608(DE_SimplE,icews14)
492.20019459724426
Loss in iteration 192: 35.59438979625702(DE_SimplE,icews14)
497.7573263645172
Loss in iteration 193: 35.168463945388794(DE_SimplE,icews14)
484.800089597702
Loss in iteration 194: 35.24112403392792(DE_SimplE,icews14)
498.92823553085327
Loss in iteration 195: 35.47575330734253(DE_SimplE,icews14)
488.08223843574524
Loss in iteration 196: 35.39177370071411(DE_SimplE,icews14)
399.959007024765
Loss in iteration 197: 35.21492266654968(DE_SimplE,icews14)
341.32198452949524
Loss in iteration 198: 35.27109110355377(DE_SimplE,icews14)
340.2025763988495
Loss in iteration 199: 35.44279146194458(DE_SimplE,icews14)
391.5715606212616
Loss in iteration 200: 35.333651304244995(DE_SimplE,icews14)
Saving the model
338.7774519920349
Loss in iteration 201: 35.292198181152344(DE_SimplE,icews14)
Process finished with exit code 0
